{
  message: 'Express Server Is Listening On Port: 80',
  level: 'info',
  timestamp: '2022-01-26T20:45:06.148Z'
}
{
  message: 'Express Server Is Listening On Port: 80',
  level: 'info',
  timestamp: '2022-01-26T21:07:16.335Z'
}
{
  message: 'Express Server Is Listening On Port: 80',
  level: 'info',
  timestamp: '2022-01-26T21:11:03.297Z'
}
{
  message: 'Express Server Is Listening On Port: 80',
  level: 'info',
  timestamp: '2022-01-26T21:11:39.926Z'
}
{
  message: 'Express Server Is Listening On Port: 80',
  level: 'info',
  timestamp: '2022-01-26T21:14:23.720Z'
}
{
  message: 'Express Server Is Listening On Port: 80',
  level: 'info',
  timestamp: '2022-01-26T21:28:30.587Z'
}
{
  message: 'Express Server Is Listening On Port: 80',
  level: 'info',
  timestamp: '2022-01-26T21:29:11.010Z'
}
{
  message: 'Express Server Is Listening On Port: 80',
  level: 'info',
  timestamp: '2022-01-26T21:29:23.729Z'
}
{
  message: 'Express Server Is Listening On Port: 80',
  level: 'info',
  timestamp: '2022-01-26T21:31:58.796Z'
}
{
  message: 'Express Server Is Listening On Port: 80',
  level: 'info',
  timestamp: '2022-01-26T21:36:45.451Z'
}
{
  message: 'Express Server Is Listening On Port: 80',
  level: 'info',
  timestamp: '2022-01-26T21:39:37.802Z'
}
{
  message: 'Express Server Is Listening On Port: 80',
  level: 'info',
  timestamp: '2022-01-26T21:40:15.315Z'
}
{
  message: 'Express Server Is Listening On Port: 80',
  level: 'info',
  timestamp: '2022-01-26T21:42:48.986Z'
}
{
  message: 'Express Server Is Listening On Port: 80',
  level: 'info',
  timestamp: '2022-01-26T21:47:51.176Z'
}
{
  message: 'Express Server Is Listening On Port: 80',
  level: 'info',
  timestamp: '2022-01-26T21:55:09.384Z'
}
{
  message: 'Express Server Is Listening On Port: 80',
  level: 'info',
  timestamp: '2022-01-26T22:22:12.220Z'
}
{
  message: undefined,
  level: 'error',
  timestamp: '2022-01-26T22:22:17.156Z'
}
{
  message: 'Express Server Is Listening On Port: 80',
  level: 'info',
  timestamp: '2022-01-26T22:23:45.822Z'
}
{
  message: 'Express Server Is Listening On Port: 80',
  level: 'info',
  timestamp: '2022-01-27T10:05:21.628Z'
}
{
  message: 'Express Server Is Listening On Port: 80',
  level: 'info',
  timestamp: '2022-01-27T10:21:15.501Z'
}
{
  message: 'Express Server Is Listening On Port: 80',
  level: 'info',
  timestamp: '2022-01-27T19:14:01.592Z'
}
{
  message: 'Express Server Is Listening On Port: 80',
  level: 'info',
  timestamp: '2022-01-27T19:15:57.067Z'
}
{
  message: undefined,
  level: 'error',
  timestamp: '2022-01-27T19:15:59.902Z'
}
{
  message: undefined,
  level: 'error',
  timestamp: '2022-01-27T19:16:01.894Z'
}
{
  message: 'Express Server Is Listening On Port: 80',
  level: 'info',
  timestamp: '2022-01-27T19:17:01.157Z'
}
{
  message: 'Express Server Is Listening On Port: 80',
  level: 'info',
  timestamp: '2022-01-27T19:21:31.392Z'
}
{
  message: 'Express Server Is Listening On Port: 80',
  level: 'info',
  timestamp: '2022-01-27T19:21:42.353Z'
}
{
  message: 'Express Server Is Listening On Port: 80',
  level: 'info',
  timestamp: '2022-01-27T19:22:03.106Z'
}
{
  message: 'Express Server Is Listening On Port: 80',
  level: 'info',
  timestamp: '2022-01-27T19:22:42.757Z'
}
{
  message: 'Express Server Is Listening On Port: 80',
  level: 'info',
  timestamp: '2022-01-27T19:22:58.333Z'
}
{
  message: 'Express Server Is Listening On Port: 80',
  level: 'info',
  timestamp: '2022-01-27T19:23:18.564Z'
}
{
  message: 'Express Server Is Listening On Port: 80',
  level: 'info',
  timestamp: '2022-01-27T19:24:16.904Z'
}
